ProjectARPath/Library/Bee/Android/Prj/Mono2x/Gradle/launcher/build/intermediates/manifest_merge_blame_file/release/manifest-merger-blame-release-report.txt
1<?xml version="1.0" encoding="utf-8"?>
2<manifest xmlns:android="http://schemas.android.com/apk/res/android"
3    package="com.universidad"
4    android:installLocation="preferExternal"
5    android:versionCode="1"
6    android:versionName="1.0" >
7
8    <uses-sdk
9        android:minSdkVersion="26"
9-->src\main\AndroidManifest.xml
10        android:targetSdkVersion="30" />
10-->src\main\AndroidManifest.xml
11
12    <supports-screens
12-->src\main\AndroidManifest.xml:3:3-163
13        android:anyDensity="true"
13-->src\main\AndroidManifest.xml:3:135-160
14        android:largeScreens="true"
14-->src\main\AndroidManifest.xml:3:78-105
15        android:normalScreens="true"
15-->src\main\AndroidManifest.xml:3:49-77
16        android:smallScreens="true"
16-->src\main\AndroidManifest.xml:3:21-48
17        android:xlargeScreens="true" />
17-->src\main\AndroidManifest.xml:3:106-134
18
19    <uses-feature android:glEsVersion="0x00030000" />
19-->[:unityLibrary] AndroidManifest.xml:12:5-54
19-->[:unityLibrary] AndroidManifest.xml:12:19-51
20    <uses-feature
20-->[:unityLibrary] AndroidManifest.xml:13:5-15:36
21        android:name="android.hardware.vulkan.version"
21-->[:unityLibrary] AndroidManifest.xml:14:9-55
22        android:required="false" />
22-->[:unityLibrary] AndroidManifest.xml:15:9-33
23
24    <uses-permission android:name="android.permission.INTERNET" />
24-->[:unityLibrary] AndroidManifest.xml:17:5-67
24-->[:unityLibrary] AndroidManifest.xml:17:22-64
25    <uses-permission android:name="android.permission.ACCESS_FINE_LOCATION" />
25-->[:unityLibrary] AndroidManifest.xml:18:5-79
25-->[:unityLibrary] AndroidManifest.xml:18:22-76
26
27    <uses-feature
27-->[:unityLibrary] AndroidManifest.xml:20:5-22:36
28        android:name="android.hardware.location.gps"
28-->[:unityLibrary] AndroidManifest.xml:21:9-53
29        android:required="false" />
29-->[:unityLibrary] AndroidManifest.xml:22:9-33
30    <uses-feature
30-->[:unityLibrary] AndroidManifest.xml:23:5-25:36
31        android:name="android.hardware.location"
31-->[:unityLibrary] AndroidManifest.xml:24:9-49
32        android:required="false" />
32-->[:unityLibrary] AndroidManifest.xml:25:9-33
33
34    <uses-permission android:name="android.permission.CAMERA" />
34-->[:unityLibrary] AndroidManifest.xml:27:5-65
34-->[:unityLibrary] AndroidManifest.xml:27:22-62
35
36    <uses-feature
36-->[:unityLibrary] AndroidManifest.xml:29:5-31:36
37        android:name="android.hardware.camera"
37-->[:unityLibrary] AndroidManifest.xml:30:9-47
38        android:required="true" />
38-->[:unityLibrary] AndroidManifest.xml:31:9-33
39    <uses-feature
39-->[:unityLibrary] AndroidManifest.xml:32:5-34:36
40        android:name="android.hardware.camera.autofocus"
40-->[:unityLibrary] AndroidManifest.xml:33:9-57
41        android:required="false" />
41-->[:unityLibrary] AndroidManifest.xml:34:9-33
42    <uses-feature
42-->[:unityLibrary] AndroidManifest.xml:35:5-37:36
43        android:name="android.hardware.camera.front"
43-->[:unityLibrary] AndroidManifest.xml:36:9-53
44        android:required="false" />
44-->[:unityLibrary] AndroidManifest.xml:37:9-33
45    <uses-feature
45-->[:unityLibrary] AndroidManifest.xml:38:5-40:36
46        android:name="android.hardware.touchscreen"
46-->[:unityLibrary] AndroidManifest.xml:39:9-52
47        android:required="false" />
47-->[:unityLibrary] AndroidManifest.xml:40:9-33
48    <uses-feature
48-->[:unityLibrary] AndroidManifest.xml:41:5-43:36
49        android:name="android.hardware.touchscreen.multitouch"
49-->[:unityLibrary] AndroidManifest.xml:42:9-63
50        android:required="false" />
50-->[:unityLibrary] AndroidManifest.xml:43:9-33
51    <uses-feature
51-->[:unityLibrary] AndroidManifest.xml:44:5-46:36
52        android:name="android.hardware.touchscreen.multitouch.distinct"
52-->[:unityLibrary] AndroidManifest.xml:45:9-72
53        android:required="false" />
53-->[:unityLibrary] AndroidManifest.xml:46:9-33
54
55    <uses-permission android:name="android.permission.ACCESS_NETWORK_STATE" />
55-->[:VuforiaEngine:] AndroidManifest.xml:11:5-79
55-->[:VuforiaEngine:] AndroidManifest.xml:11:22-76
56
57    <application
57-->src\main\AndroidManifest.xml:4:3-83
58        android:extractNativeLibs="true"
58-->[:unityLibrary] AndroidManifest.xml:48:18-50
59        android:icon="@mipmap/app_icon"
59-->src\main\AndroidManifest.xml:4:49-80
60        android:label="@string/app_name" >
60-->src\main\AndroidManifest.xml:4:16-48
61        <activity
61-->[:unityLibrary] AndroidManifest.xml:49:9-76:20
62            android:name="com.unity3d.player.UnityPlayerActivity"
62-->[:unityLibrary] AndroidManifest.xml:50:13-66
63            android:configChanges="mcc|mnc|locale|touchscreen|keyboard|keyboardHidden|navigation|orientation|screenLayout|uiMode|screenSize|smallestScreenSize|fontScale|layoutDirection|density"
63-->[:unityLibrary] AndroidManifest.xml:51:13-194
64            android:hardwareAccelerated="false"
64-->[:unityLibrary] AndroidManifest.xml:52:13-48
65            android:launchMode="singleTask"
65-->[:unityLibrary] AndroidManifest.xml:53:13-44
66            android:resizeableActivity="false"
66-->[:unityLibrary] AndroidManifest.xml:54:13-47
67            android:screenOrientation="portrait"
67-->[:unityLibrary] AndroidManifest.xml:55:13-49
68            android:theme="@style/UnityThemeSelector" >
68-->[:unityLibrary] AndroidManifest.xml:56:13-54
69            <intent-filter>
69-->[:unityLibrary] AndroidManifest.xml:57:13-61:29
70                <action android:name="android.intent.action.MAIN" />
70-->[:unityLibrary] AndroidManifest.xml:58:17-69
70-->[:unityLibrary] AndroidManifest.xml:58:25-66
71
72                <category android:name="android.intent.category.LAUNCHER" />
72-->[:unityLibrary] AndroidManifest.xml:60:17-77
72-->[:unityLibrary] AndroidManifest.xml:60:27-74
73            </intent-filter>
74
75            <meta-data
75-->[:unityLibrary] AndroidManifest.xml:63:13-65:40
76                android:name="unityplayer.UnityActivity"
76-->[:unityLibrary] AndroidManifest.xml:64:17-57
77                android:value="true" />
77-->[:unityLibrary] AndroidManifest.xml:65:17-37
78
79            <layout
79-->[:unityLibrary] AndroidManifest.xml:67:13-71:44
80                android:defaultHeight="800px"
80-->[:unityLibrary] AndroidManifest.xml:68:17-46
81                android:defaultWidth="1280px"
81-->[:unityLibrary] AndroidManifest.xml:69:17-46
82                android:minHeight="300px"
82-->[:unityLibrary] AndroidManifest.xml:70:17-42
83                android:minWidth="400px" />
83-->[:unityLibrary] AndroidManifest.xml:71:17-41
84
85            <meta-data
85-->[:unityLibrary] AndroidManifest.xml:73:13-75:40
86                android:name="android.notch_support"
86-->[:unityLibrary] AndroidManifest.xml:74:17-53
87                android:value="true" />
87-->[:unityLibrary] AndroidManifest.xml:75:17-37
88        </activity>
89
90        <meta-data
90-->[:unityLibrary] AndroidManifest.xml:78:9-80:33
91            android:name="unity.splash-mode"
91-->[:unityLibrary] AndroidManifest.xml:79:13-45
92            android:value="0" />
92-->[:unityLibrary] AndroidManifest.xml:80:13-30
93        <meta-data
93-->[:unityLibrary] AndroidManifest.xml:81:9-83:36
94            android:name="unity.splash-enable"
94-->[:unityLibrary] AndroidManifest.xml:82:13-47
95            android:value="True" />
95-->[:unityLibrary] AndroidManifest.xml:83:13-33
96        <meta-data
96-->[:unityLibrary] AndroidManifest.xml:84:9-86:36
97            android:name="unity.launch-fullscreen"
97-->[:unityLibrary] AndroidManifest.xml:85:13-51
98            android:value="True" />
98-->[:unityLibrary] AndroidManifest.xml:86:13-33
99        <meta-data
99-->[:unityLibrary] AndroidManifest.xml:87:9-89:37
100            android:name="unity.allow-resizable-window"
100-->[:unityLibrary] AndroidManifest.xml:88:13-56
101            android:value="False" />
101-->[:unityLibrary] AndroidManifest.xml:89:13-34
102        <meta-data
102-->[:unityLibrary] AndroidManifest.xml:90:9-92:50
103            android:name="notch.config"
103-->[:unityLibrary] AndroidManifest.xml:91:13-40
104            android:value="portrait|landscape" />
104-->[:unityLibrary] AndroidManifest.xml:92:13-47
105
106        <provider
106-->[:VuforiaEngine:] AndroidManifest.xml:14:9-22:20
107            android:name="com.vuforia.engine.app.VuforiaContentProvider"
107-->[:VuforiaEngine:] AndroidManifest.xml:15:13-73
108            android:authorities="com.universidad.vuforia.share"
108-->[:VuforiaEngine:] AndroidManifest.xml:16:13-65
109            android:exported="false"
109-->[:VuforiaEngine:] AndroidManifest.xml:17:13-37
110            android:grantUriPermissions="true" >
110-->[:VuforiaEngine:] AndroidManifest.xml:18:13-47
111            <meta-data
111-->[:VuforiaEngine:] AndroidManifest.xml:19:13-21:53
112                android:name="android.support.FILE_PROVIDER_PATHS"
112-->[:VuforiaEngine:] AndroidManifest.xml:20:17-67
113                android:resource="@xml/filepaths" />
113-->[:VuforiaEngine:] AndroidManifest.xml:21:17-50
114        </provider>
115    </application>
116
117</manifest>